# JRE version: Java(TM) SE Runtime Environment (8.0_45-b15) (build 1.8.0_45-b15)
# Java VM: Java HotSpot(TM) 64-Bit Server VM (25.45-b02 mixed mode windows-amd64 compressed oops)
Heap:
 PSYoungGen      total 75776K, used 24705K [0x000000076bd80000, 0x0000000771200000, 0x00000007c0000000)
  eden space 65024K, 23% used [0x000000076bd80000,0x000000076cc9ae68,0x000000076fd00000)
  from space 10752K, 85% used [0x0000000770780000,0x0000000771085920,0x0000000771200000)
  to   space 10752K, 0% used [0x000000076fd00000,0x000000076fd00000,0x0000000770780000)
 ParOldGen       total 173568K, used 930K [0x00000006c3800000, 0x00000006ce180000, 0x000000076bd80000)
  object space 173568K, 0% used [0x00000006c3800000,0x00000006c38e8b18,0x00000006ce180000)
 Metaspace       used 19461K, capacity 19616K, committed 19840K, reserved 1067008K
  class space    used 2305K, capacity 2332K, committed 2432K, reserved 1048576K
GC Heap History (4 events):
Event: 1.143 GC heap before
{Heap before GC invocations=1 (full 0):
 PSYoungGen      total 75776K, used 65024K [0x000000076bd80000, 0x0000000771200000, 0x00000007c0000000)
  eden space 65024K, 100% used [0x000000076bd80000,0x000000076fd00000,0x000000076fd00000)
  from space 10752K, 0% used [0x0000000770780000,0x0000000770780000,0x0000000771200000)
  to   space 10752K, 0% used [0x000000076fd00000,0x000000076fd00000,0x0000000770780000)
 ParOldGen       total 173568K, used 0K [0x00000006c3800000, 0x00000006ce180000, 0x000000076bd80000)
  object space 173568K, 0% used [0x00000006c3800000,0x00000006c3800000,0x00000006ce180000)
 Metaspace       used 14334K, capacity 14492K, committed 14592K, reserved 1062912K
  class space    used 1706K, capacity 1718K, committed 1792K, reserved 1048576K
Event: 1.152 GC heap after
Heap after GC invocations=1 (full 0):
 PSYoungGen      total 75776K, used 10723K [0x000000076bd80000, 0x0000000771200000, 0x00000007c0000000)
  eden space 65024K, 0% used [0x000000076bd80000,0x000000076bd80000,0x000000076fd00000)
  from space 10752K, 99% used [0x000000076fd00000,0x0000000770778e90,0x0000000770780000)
  to   space 10752K, 0% used [0x0000000770780000,0x0000000770780000,0x0000000771200000)
 ParOldGen       total 173568K, used 914K [0x00000006c3800000, 0x00000006ce180000, 0x000000076bd80000)
  object space 173568K, 0% used [0x00000006c3800000,0x00000006c38e4b18,0x00000006ce180000)
 Metaspace       used 14334K, capacity 14492K, committed 14592K, reserved 1062912K
  class space    used 1706K, capacity 1718K, committed 1792K, reserved 1048576K
}
Event: 35.733 GC heap before
{Heap before GC invocations=2 (full 0):
 PSYoungGen      total 75776K, used 75747K [0x000000076bd80000, 0x0000000771200000, 0x00000007c0000000)
  eden space 65024K, 100% used [0x000000076bd80000,0x000000076fd00000,0x000000076fd00000)
  from space 10752K, 99% used [0x000000076fd00000,0x0000000770778e90,0x0000000770780000)
  to   space 10752K, 0% used [0x0000000770780000,0x0000000770780000,0x0000000771200000)
 ParOldGen       total 173568K, used 914K [0x00000006c3800000, 0x00000006ce180000, 0x000000076bd80000)
  object space 173568K, 0% used [0x00000006c3800000,0x00000006c38e4b18,0x00000006ce180000)
 Metaspace       used 19367K, capacity 19488K, committed 19840K, reserved 1067008K
  class space    used 2300K, capacity 2332K, committed 2432K, reserved 1048576K
Event: 35.747 GC heap after
Heap after GC invocations=2 (full 0):
 PSYoungGen      total 75776K, used 9238K [0x000000076bd80000, 0x0000000771200000, 0x00000007c0000000)
  eden space 65024K, 0% used [0x000000076bd80000,0x000000076bd80000,0x000000076fd00000)
  from space 10752K, 85% used [0x0000000770780000,0x0000000771085920,0x0000000771200000)
  to   space 10752K, 0% used [0x000000076fd00000,0x000000076fd00000,0x0000000770780000)
 ParOldGen       total 173568K, used 930K [0x00000006c3800000, 0x00000006ce180000, 0x000000076bd80000)
  object space 173568K, 0% used [0x00000006c3800000,0x00000006c38e8b18,0x00000006ce180000)
 Metaspace       used 19367K, capacity 19488K, committed 19840K, reserved 1067008K
  class space    used 2300K, capacity 2332K, committed 2432K, reserved 1048576K
}

